Transaction created
Transaction created
Transaction created-Tue Oct 11 00:13:59 2016

Transaction created-Tue Oct 11 00:17:31 2016

Transaction created-Tue Oct 11 00:19:16 2016

Transaction created-Tue Oct 11 00:20:23 2016

Transaction created-Tue Oct 11 00:22:13 2016

Transaction created-Tue Oct 11 00:23:47 2016

Transaction created-Tue Oct 11 00:24:47 2016

Transaction created-Tue Oct 11 00:27:25 2016

Transaction created-Tue Oct 11 23:33:39 2016

Transaction created-Tue Jan 16 17:30:21 2018

Transaction created-Tue Jan 16 17:33:27 2018

Transaction created-Tue Jan 16 17:40:00 2018

Transaction created-Tue Jan 16 17:44:34 2018

Transaction created-Tue Jan 16 18:05:15 2018

Transaction created-Tue Jan 16 18:08:03 2018

Transaction created-Tue Jan 16 18:17:54 2018

Transaction created-Tue Jan 16 18:18:46 2018

Transaction created-Tue Jan 16 18:20:56 2018

Transaction created-Wed Jan 17 01:25:41 2018

Transaction created-Wed Jan 17 01:55:47 2018

filipo
a
b
Deposit: US$567.99

moment: Wed Jan 17 01:56:07 2018


Debit: US$56.88

moment: Wed Jan 17 01:56:23 2018


Debit: US$34.77

moment: Wed Jan 17 01:56:28 2018


Deposit: US$56.00

moment: Wed Jan 17 01:56:33 2018


