This file contains any messages produced by compilers while
running configure, to aid debugging if configure makes a mistake.

It was created by MonEyeyeCpp configure 0.1, which was
generated by GNU Autoconf 2.69.  Invocation command line was

  $ ./configure --with-boost --with-boost-unit-test-framework

## --------- ##
## Platform. ##
## --------- ##

hostname = filipo-ThinkPad-T420
uname -m = i686
uname -r = 4.4.0-109-lowlatency
uname -s = Linux
uname -v = #132-Ubuntu SMP PREEMPT Tue Jan 9 20:29:58 UTC 2018

/usr/bin/uname -p = unknown
/bin/uname -X     = unknown

/bin/arch              = unknown
/usr/bin/arch -k       = unknown
/usr/convex/getsysinfo = unknown
/usr/bin/hostinfo      = unknown
/bin/machine           = unknown
/usr/bin/oslevel       = unknown
/bin/universe          = unknown

PATH: /home/filipo/bin
PATH: /home/filipo/.rakudobrew/bin
PATH: /home/filipo/.rakudobrew/bin
PATH: /home/filipo/perl5/perlbrew/bin
PATH: /home/filipo/perl5/bin
PATH: /opt/OpenPrinting-Gutenprint/sbin
PATH: /opt/OpenPrinting-Gutenprint/bin
PATH: /home/filipo/bin
PATH: /opt/OpenPrinting-Gutenprint/sbin
PATH: /opt/OpenPrinting-Gutenprint/bin
PATH: /usr/local/sbin
PATH: /usr/local/bin
PATH: /usr/sbin
PATH: /usr/bin
PATH: /sbin
PATH: /bin
PATH: /usr/games
PATH: /usr/local/games
PATH: /snap/bin
PATH: /usr/lib/jvm/java-8-oracle/bin
PATH: /usr/lib/jvm/java-8-oracle/db/bin
PATH: /usr/lib/jvm/java-8-oracle/jre/bin
PATH: /usr/lib/jvm/java-8-oracle/bin
PATH: /usr/lib/jvm/java-8-oracle/db/bin
PATH: /usr/lib/jvm/java-8-oracle/jre/bin


## ----------- ##
## Core tests. ##
## ----------- ##

configure:2555: checking for a BSD-compatible install
configure:2623: result: /usr/bin/install -c
configure:2634: checking whether build environment is sane
configure:2689: result: yes
configure:2840: checking for a thread-safe mkdir -p
configure:2879: result: /bin/mkdir -p
configure:2886: checking for gawk
configure:2902: found /usr/bin/gawk
configure:2913: result: gawk
configure:2924: checking whether make sets $(MAKE)
configure:2946: result: yes
configure:2975: checking whether make supports nested variables
configure:2992: result: yes
configure:3176: checking for g++
configure:3192: found /usr/bin/g++
configure:3203: result: g++
configure:3230: checking for C++ compiler version
configure:3239: g++ --version >&5
g++ (Ubuntu 5.4.0-6ubuntu1~16.04.5) 5.4.0 20160609
Copyright (C) 2015 Free Software Foundation, Inc.
This is free software; see the source for copying conditions.  There is NO
warranty; not even for MERCHANTABILITY or FITNESS FOR A PARTICULAR PURPOSE.

configure:3250: $? = 0
configure:3239: g++ -v >&5
Using built-in specs.
COLLECT_GCC=g++
COLLECT_LTO_WRAPPER=/usr/lib/gcc/i686-linux-gnu/5/lto-wrapper
Target: i686-linux-gnu
Configured with: ../src/configure -v --with-pkgversion='Ubuntu 5.4.0-6ubuntu1~16.04.5' --with-bugurl=file:///usr/share/doc/gcc-5/README.Bugs --enable-languages=c,ada,c++,java,go,d,fortran,objc,obj-c++ --prefix=/usr --program-suffix=-5 --enable-shared --enable-linker-build-id --libexecdir=/usr/lib --without-included-gettext --enable-threads=posix --libdir=/usr/lib --enable-nls --with-sysroot=/ --enable-clocale=gnu --enable-libstdcxx-debug --enable-libstdcxx-time=yes --with-default-libstdcxx-abi=new --enable-gnu-unique-object --disable-vtable-verify --enable-libmpx --enable-plugin --with-system-zlib --disable-browser-plugin --enable-java-awt=gtk --enable-gtk-cairo --with-java-home=/usr/lib/jvm/java-1.5.0-gcj-5-i386/jre --enable-java-home --with-jvm-root-dir=/usr/lib/jvm/java-1.5.0-gcj-5-i386 --with-jvm-jar-dir=/usr/lib/jvm-exports/java-1.5.0-gcj-5-i386 --with-arch-directory=i386 --with-ecj-jar=/usr/share/java/eclipse-ecj.jar --enable-objc-gc --enable-targets=all --enable-multiarch --disable-werror --with-arch-32=i686 --with-multilib-list=m32,m64,mx32 --enable-multilib --with-tune=generic --enable-checking=release --build=i686-linux-gnu --host=i686-linux-gnu --target=i686-linux-gnu
Thread model: posix
gcc version 5.4.0 20160609 (Ubuntu 5.4.0-6ubuntu1~16.04.5) 
configure:3250: $? = 0
configure:3239: g++ -V >&5
g++: error: unrecognized command line option '-V'
g++: fatal error: no input files
compilation terminated.
configure:3250: $? = 1
configure:3239: g++ -qversion >&5
g++: error: unrecognized command line option '-qversion'
g++: fatal error: no input files
compilation terminated.
configure:3250: $? = 1
configure:3270: checking whether the C++ compiler works
configure:3292: g++    conftest.cpp  >&5
configure:3296: $? = 0
configure:3344: result: yes
configure:3347: checking for C++ compiler default output file name
configure:3349: result: a.out
configure:3355: checking for suffix of executables
configure:3362: g++ -o conftest    conftest.cpp  >&5
configure:3366: $? = 0
configure:3388: result: 
configure:3410: checking whether we are cross compiling
configure:3418: g++ -o conftest    conftest.cpp  >&5
configure:3422: $? = 0
configure:3429: ./conftest
configure:3433: $? = 0
configure:3448: result: no
configure:3453: checking for suffix of object files
configure:3475: g++ -c   conftest.cpp >&5
configure:3479: $? = 0
configure:3500: result: o
configure:3504: checking whether we are using the GNU C++ compiler
configure:3523: g++ -c   conftest.cpp >&5
configure:3523: $? = 0
configure:3532: result: yes
configure:3541: checking whether g++ accepts -g
configure:3561: g++ -c -g  conftest.cpp >&5
configure:3561: $? = 0
configure:3602: result: yes
configure:3636: checking for style of include used by make
configure:3664: result: GNU
configure:3690: checking dependency style of g++
configure:3801: result: gcc3
configure:3864: checking for gcc
configure:3880: found /usr/bin/gcc
configure:3891: result: gcc
configure:4120: checking for C compiler version
configure:4129: gcc --version >&5
gcc (Ubuntu 5.4.0-6ubuntu1~16.04.5) 5.4.0 20160609
Copyright (C) 2015 Free Software Foundation, Inc.
This is free software; see the source for copying conditions.  There is NO
warranty; not even for MERCHANTABILITY or FITNESS FOR A PARTICULAR PURPOSE.

configure:4140: $? = 0
configure:4129: gcc -v >&5
Using built-in specs.
COLLECT_GCC=gcc
COLLECT_LTO_WRAPPER=/usr/lib/gcc/i686-linux-gnu/5/lto-wrapper
Target: i686-linux-gnu
Configured with: ../src/configure -v --with-pkgversion='Ubuntu 5.4.0-6ubuntu1~16.04.5' --with-bugurl=file:///usr/share/doc/gcc-5/README.Bugs --enable-languages=c,ada,c++,java,go,d,fortran,objc,obj-c++ --prefix=/usr --program-suffix=-5 --enable-shared --enable-linker-build-id --libexecdir=/usr/lib --without-included-gettext --enable-threads=posix --libdir=/usr/lib --enable-nls --with-sysroot=/ --enable-clocale=gnu --enable-libstdcxx-debug --enable-libstdcxx-time=yes --with-default-libstdcxx-abi=new --enable-gnu-unique-object --disable-vtable-verify --enable-libmpx --enable-plugin --with-system-zlib --disable-browser-plugin --enable-java-awt=gtk --enable-gtk-cairo --with-java-home=/usr/lib/jvm/java-1.5.0-gcj-5-i386/jre --enable-java-home --with-jvm-root-dir=/usr/lib/jvm/java-1.5.0-gcj-5-i386 --with-jvm-jar-dir=/usr/lib/jvm-exports/java-1.5.0-gcj-5-i386 --with-arch-directory=i386 --with-ecj-jar=/usr/share/java/eclipse-ecj.jar --enable-objc-gc --enable-targets=all --enable-multiarch --disable-werror --with-arch-32=i686 --with-multilib-list=m32,m64,mx32 --enable-multilib --with-tune=generic --enable-checking=release --build=i686-linux-gnu --host=i686-linux-gnu --target=i686-linux-gnu
Thread model: posix
gcc version 5.4.0 20160609 (Ubuntu 5.4.0-6ubuntu1~16.04.5) 
configure:4140: $? = 0
configure:4129: gcc -V >&5
gcc: error: unrecognized command line option '-V'
gcc: fatal error: no input files
compilation terminated.
configure:4140: $? = 1
configure:4129: gcc -qversion >&5
gcc: error: unrecognized command line option '-qversion'
gcc: fatal error: no input files
compilation terminated.
configure:4140: $? = 1
configure:4144: checking whether we are using the GNU C compiler
configure:4163: gcc -c   conftest.c >&5
configure:4163: $? = 0
configure:4172: result: yes
configure:4181: checking whether gcc accepts -g
configure:4201: gcc -c -g  conftest.c >&5
configure:4201: $? = 0
configure:4242: result: yes
configure:4259: checking for gcc option to accept ISO C89
configure:4322: gcc  -c -g -O2  conftest.c >&5
configure:4322: $? = 0
configure:4335: result: none needed
configure:4360: checking whether gcc understands -c and -o together
configure:4382: gcc -c conftest.c -o conftest2.o
configure:4385: $? = 0
configure:4382: gcc -c conftest.c -o conftest2.o
configure:4385: $? = 0
configure:4397: result: yes
configure:4416: checking dependency style of gcc
configure:4527: result: gcc3
configure:4546: checking build system type
configure:4560: result: i686-pc-linux-gnu
configure:4580: checking host system type
configure:4593: result: i686-pc-linux-gnu
configure:4751: checking for boostlib >= 1.58 (105800)
configure:4783: g++ -c -g -O2   conftest.cpp >&5
conftest.cpp:12:29: fatal error: boost/version.hpp: No such file or directory
compilation terminated.
configure:4783: $? = 1
configure: failed program was:
| /* confdefs.h */
| #define PACKAGE_NAME "MonEyeyeCpp"
| #define PACKAGE_TARNAME "moneyeyecpp"
| #define PACKAGE_VERSION "0.1"
| #define PACKAGE_STRING "MonEyeyeCpp 0.1"
| #define PACKAGE_BUGREPORT "youremail@some.local"
| #define PACKAGE_URL ""
| #define PACKAGE "moneyeyecpp"
| #define VERSION "0.1"
| /* end confdefs.h.  */
| 
| #include <boost/version.hpp>
| 
| int
| main ()
| {
| 
| (void) ((void)sizeof(char[1 - 2*!!((BOOST_VERSION) < (105800))]));
| 
|   ;
|   return 0;
| }
configure:4867: We will use a staged boost library from /home/filipo/estudos/boost/boost_1_66_0
configure:4902: g++ -c -g -O2  -I/home/filipo/estudos/boost/boost_1_66_0 conftest.cpp >&5
configure:4902: $? = 0
configure:4904: result: yes
configure:4977: checking whether the Boost::Unit_Test_Framework library is available
configure:5000: g++ -c -g -O2  -I/home/filipo/estudos/boost/boost_1_66_0 conftest.cpp >&5
configure:5000: $? = 0
configure:5014: result: yes
configure:5237: checking that generated files are newer than configure
configure:5243: result: done
configure:5270: creating ./config.status

## ---------------------- ##
## Running config.status. ##
## ---------------------- ##

This file was extended by MonEyeyeCpp config.status 0.1, which was
generated by GNU Autoconf 2.69.  Invocation command line was

  CONFIG_FILES    = 
  CONFIG_HEADERS  = 
  CONFIG_LINKS    = 
  CONFIG_COMMANDS = 
  $ ./config.status 

on filipo-ThinkPad-T420

config.status:861: creating Makefile
config.status:861: creating src/Makefile
config.status:861: creating t/Makefile
config.status:861: creating config.h
config.status:1090: executing depfiles commands

## ---------------- ##
## Cache variables. ##
## ---------------- ##

ac_cv_build=i686-pc-linux-gnu
ac_cv_c_compiler_gnu=yes
ac_cv_cxx_compiler_gnu=yes
ac_cv_env_CCC_set=
ac_cv_env_CCC_value=
ac_cv_env_CC_set=
ac_cv_env_CC_value=
ac_cv_env_CFLAGS_set=
ac_cv_env_CFLAGS_value=
ac_cv_env_CPPFLAGS_set=
ac_cv_env_CPPFLAGS_value=
ac_cv_env_CXXFLAGS_set=
ac_cv_env_CXXFLAGS_value=
ac_cv_env_CXX_set=
ac_cv_env_CXX_value=
ac_cv_env_LDFLAGS_set=
ac_cv_env_LDFLAGS_value=
ac_cv_env_LIBS_set=
ac_cv_env_LIBS_value=
ac_cv_env_build_alias_set=
ac_cv_env_build_alias_value=
ac_cv_env_host_alias_set=
ac_cv_env_host_alias_value=
ac_cv_env_target_alias_set=
ac_cv_env_target_alias_value=
ac_cv_host=i686-pc-linux-gnu
ac_cv_objext=o
ac_cv_path_install='/usr/bin/install -c'
ac_cv_path_mkdir=/bin/mkdir
ac_cv_prog_AWK=gawk
ac_cv_prog_ac_ct_CC=gcc
ac_cv_prog_ac_ct_CXX=g++
ac_cv_prog_cc_c89=
ac_cv_prog_cc_g=yes
ac_cv_prog_cxx_g=yes
ac_cv_prog_make_make_set=yes
am_cv_CC_dependencies_compiler_type=gcc3
am_cv_CXX_dependencies_compiler_type=gcc3
am_cv_make_support_nested_variables=yes
am_cv_prog_cc_c_o=yes
ax_cv_boost_unit_test_framework=yes

## ----------------- ##
## Output variables. ##
## ----------------- ##

ACLOCAL='${SHELL} /home/filipo/projetos/kobkob/code/moneyEye/moneyeyecpp/config/missing aclocal-1.15'
AMDEPBACKSLASH='\'
AMDEP_FALSE='#'
AMDEP_TRUE=''
AMTAR='$${TAR-tar}'
AM_BACKSLASH='\'
AM_DEFAULT_V='$(AM_DEFAULT_VERBOSITY)'
AM_DEFAULT_VERBOSITY='1'
AM_V='$(V)'
AUTOCONF='${SHELL} /home/filipo/projetos/kobkob/code/moneyEye/moneyeyecpp/config/missing autoconf'
AUTOHEADER='${SHELL} /home/filipo/projetos/kobkob/code/moneyEye/moneyeyecpp/config/missing autoheader'
AUTOMAKE='${SHELL} /home/filipo/projetos/kobkob/code/moneyEye/moneyeyecpp/config/missing automake-1.15'
AWK='gawk'
BOOST_CPPFLAGS='-I/home/filipo/estudos/boost/boost_1_66_0'
BOOST_LDFLAGS='-L/home/filipo/estudos/boost/boost_1_66_0/stage/lib'
BOOST_UNIT_TEST_FRAMEWORK_LIB='-lboost_unit_test_framework'
CC='gcc'
CCDEPMODE='depmode=gcc3'
CFLAGS='-g -O2'
CPPFLAGS=''
CXX='g++'
CXXDEPMODE='depmode=gcc3'
CXXFLAGS='-g -O2'
CYGPATH_W='echo'
DEFS='-DHAVE_CONFIG_H'
DEPDIR='.deps'
ECHO_C=''
ECHO_N='-n'
ECHO_T=''
EXEEXT=''
INSTALL_DATA='${INSTALL} -m 644'
INSTALL_PROGRAM='${INSTALL}'
INSTALL_SCRIPT='${INSTALL}'
INSTALL_STRIP_PROGRAM='$(install_sh) -c -s'
LDFLAGS=''
LIBOBJS=''
LIBS=''
LTLIBOBJS=''
MAKEINFO='${SHELL} /home/filipo/projetos/kobkob/code/moneyEye/moneyeyecpp/config/missing makeinfo'
MKDIR_P='/bin/mkdir -p'
OBJEXT='o'
PACKAGE='moneyeyecpp'
PACKAGE_BUGREPORT='youremail@some.local'
PACKAGE_NAME='MonEyeyeCpp'
PACKAGE_STRING='MonEyeyeCpp 0.1'
PACKAGE_TARNAME='moneyeyecpp'
PACKAGE_URL=''
PACKAGE_VERSION='0.1'
PATH_SEPARATOR=':'
SET_MAKE=''
SHELL='/bin/bash'
STRIP=''
VERSION='0.1'
ac_ct_CC='gcc'
ac_ct_CXX='g++'
am__EXEEXT_FALSE=''
am__EXEEXT_TRUE='#'
am__fastdepCC_FALSE='#'
am__fastdepCC_TRUE=''
am__fastdepCXX_FALSE='#'
am__fastdepCXX_TRUE=''
am__include='include'
am__isrc=''
am__leading_dot='.'
am__nodep='_no'
am__quote=''
am__tar='$${TAR-tar} chof - "$$tardir"'
am__untar='$${TAR-tar} xf -'
bindir='${exec_prefix}/bin'
build='i686-pc-linux-gnu'
build_alias=''
build_cpu='i686'
build_os='linux-gnu'
build_vendor='pc'
datadir='${datarootdir}'
datarootdir='${prefix}/share'
docdir='${datarootdir}/doc/${PACKAGE_TARNAME}'
dvidir='${docdir}'
exec_prefix='${prefix}'
host='i686-pc-linux-gnu'
host_alias=''
host_cpu='i686'
host_os='linux-gnu'
host_vendor='pc'
htmldir='${docdir}'
includedir='${prefix}/include'
infodir='${datarootdir}/info'
install_sh='${SHELL} /home/filipo/projetos/kobkob/code/moneyEye/moneyeyecpp/config/install-sh'
libdir='${exec_prefix}/lib'
libexecdir='${exec_prefix}/libexec'
localedir='${datarootdir}/locale'
localstatedir='${prefix}/var'
mandir='${datarootdir}/man'
mkdir_p='$(MKDIR_P)'
oldincludedir='/usr/include'
pdfdir='${docdir}'
prefix='/usr/local'
program_transform_name='s,x,x,'
psdir='${docdir}'
runstatedir='${localstatedir}/run'
sbindir='${exec_prefix}/sbin'
sharedstatedir='${prefix}/com'
sysconfdir='${prefix}/etc'
target_alias=''

## ----------- ##
## confdefs.h. ##
## ----------- ##

/* confdefs.h */
#define PACKAGE_NAME "MonEyeyeCpp"
#define PACKAGE_TARNAME "moneyeyecpp"
#define PACKAGE_VERSION "0.1"
#define PACKAGE_STRING "MonEyeyeCpp 0.1"
#define PACKAGE_BUGREPORT "youremail@some.local"
#define PACKAGE_URL ""
#define PACKAGE "moneyeyecpp"
#define VERSION "0.1"
#define HAVE_BOOST /**/
#define HAVE_BOOST_UNIT_TEST_FRAMEWORK /**/

configure: exit 0
